#1 [internal] load build definition from Dockerfile
#1 transferring dockerfile: 219B done
#1 DONE 0.0s

#2 [internal] load .dockerignore
#2 transferring context: 52B done
#2 DONE 0.0s

#3 [internal] load metadata for docker.io/library/python:3.9
#3 DONE 1.2s

#4 [1/5] FROM docker.io/library/python:3.9@sha256:6ea9dafc96d7914c5c1d199f1f0195c4e05cf017b10666ca84cb7ce8e2699d51
#4 DONE 0.0s

#5 [2/5] WORKDIR /app
#5 CACHED

#6 [internal] load build context
#6 transferring context: 505B done
#6 DONE 0.0s

#7 [3/5] COPY requirements.txt .
#7 DONE 0.0s

#8 [4/5] RUN pip install --no-cache-dir -r requirements.txt
#8 2.400 Collecting Flask
#8 2.831   Downloading Flask-2.3.2-py3-none-any.whl (96 kB)
#8 2.977      ━━━━━━━━━━━━━━━━━━━━━━━━━━━━━━━━━━━━━━━ 96.9/96.9 KB 623.9 kB/s eta 0:00:00
#8 3.124 Collecting Flask-Cors
#8 3.186   Downloading Flask_Cors-3.0.10-py2.py3-none-any.whl (14 kB)
#8 3.313 Collecting Flask-Pymongo
#8 3.454   Downloading Flask_PyMongo-2.3.0-py2.py3-none-any.whl (12 kB)
#8 3.589 Collecting mongomock
#8 3.658   Downloading mongomock-4.1.2-py2.py3-none-any.whl (60 kB)
#8 3.682      ━━━━━━━━━━━━━━━━━━━━━━━━━━━━━━━━━━━━━━━━ 60.0/60.0 KB 2.7 MB/s eta 0:00:00
#8 3.784 Collecting python-dotenv
#8 3.847   Downloading python_dotenv-1.0.0-py3-none-any.whl (19 kB)
#8 3.976 Collecting click>=8.1.3
#8 4.035   Downloading click-8.1.3-py3-none-any.whl (96 kB)
#8 4.153      ━━━━━━━━━━━━━━━━━━━━━━━━━━━━━━━━━━━━━━━ 96.6/96.6 KB 774.1 kB/s eta 0:00:00
#8 4.274 Collecting Werkzeug>=2.3.3
#8 4.364   Downloading Werkzeug-2.3.4-py3-none-any.whl (242 kB)
#8 4.459      ━━━━━━━━━━━━━━━━━━━━━━━━━━━━━━━━━━━━━━━ 242.5/242.5 KB 2.6 MB/s eta 0:00:00
#8 4.529 Collecting blinker>=1.6.2
#8 4.589   Downloading blinker-1.6.2-py3-none-any.whl (13 kB)
#8 4.845 Collecting importlib-metadata>=3.6.0
#8 4.905   Downloading importlib_metadata-6.6.0-py3-none-any.whl (22 kB)
#8 5.039 Collecting itsdangerous>=2.1.2
#8 5.096   Downloading itsdangerous-2.1.2-py3-none-any.whl (15 kB)
#8 5.186 Collecting Jinja2>=3.1.2
#8 5.247   Downloading Jinja2-3.1.2-py3-none-any.whl (133 kB)
#8 5.298      ━━━━━━━━━━━━━━━━━━━━━━━━━━━━━━━━━━━━━━━ 133.1/133.1 KB 2.7 MB/s eta 0:00:00
#8 5.393 Collecting Six
#8 5.454   Downloading six-1.16.0-py2.py3-none-any.whl (11 kB)
#8 6.273 Collecting PyMongo>=3.3
#8 6.398   Downloading pymongo-4.3.3-cp39-cp39-manylinux_2_17_x86_64.manylinux2014_x86_64.whl (492 kB)
#8 6.575      ━━━━━━━━━━━━━━━━━━━━━━━━━━━━━━━━━━━━━━━ 492.1/492.1 KB 2.8 MB/s eta 0:00:00
#8 6.657 Collecting sentinels
#8 6.749   Downloading sentinels-1.0.0.tar.gz (4.1 kB)
#8 6.757   Preparing metadata (setup.py): started
#8 7.086   Preparing metadata (setup.py): finished with status 'done'
#8 7.206 Collecting packaging
#8 7.348   Downloading packaging-23.1-py3-none-any.whl (48 kB)
#8 7.406      ━━━━━━━━━━━━━━━━━━━━━━━━━━━━━━━━━━━━━━━ 48.9/48.9 KB 756.3 kB/s eta 0:00:00
#8 7.593 Collecting zipp>=0.5
#8 7.724   Downloading zipp-3.15.0-py3-none-any.whl (6.8 kB)
#8 7.895 Collecting MarkupSafe>=2.0
#8 7.954   Downloading MarkupSafe-2.1.2-cp39-cp39-manylinux_2_17_x86_64.manylinux2014_x86_64.whl (25 kB)
#8 8.105 Collecting dnspython<3.0.0,>=1.16.0
#8 8.164   Downloading dnspython-2.3.0-py3-none-any.whl (283 kB)
#8 8.246      ━━━━━━━━━━━━━━━━━━━━━━━━━━━━━━━━━━━━━━━ 283.7/283.7 KB 3.5 MB/s eta 0:00:00
#8 8.314 Building wheels for collected packages: sentinels
#8 8.317   Building wheel for sentinels (setup.py): started
#8 8.749   Building wheel for sentinels (setup.py): finished with status 'done'
#8 8.750   Created wheel for sentinels: filename=sentinels-1.0.0-py3-none-any.whl size=3200 sha256=9056e88e72867838b3b910746e488c08422a2576287195034045a697814cd228
#8 8.750   Stored in directory: /tmp/pip-ephem-wheel-cache-css7jqio/wheels/39/4c/05/90d81b81899bc2fd244e072d9b323422128e69a99328e712a5
#8 8.753 Successfully built sentinels
#8 8.917 Installing collected packages: sentinels, zipp, Six, python-dotenv, packaging, MarkupSafe, itsdangerous, dnspython, click, blinker, Werkzeug, PyMongo, mongomock, Jinja2, importlib-metadata, Flask, Flask-Pymongo, Flask-Cors
#8 10.14 Successfully installed Flask-2.3.2 Flask-Cors-3.0.10 Flask-Pymongo-2.3.0 Jinja2-3.1.2 MarkupSafe-2.1.2 PyMongo-4.3.3 Six-1.16.0 Werkzeug-2.3.4 blinker-1.6.2 click-8.1.3 dnspython-2.3.0 importlib-metadata-6.6.0 itsdangerous-2.1.2 mongomock-4.1.2 packaging-23.1 python-dotenv-1.0.0 sentinels-1.0.0 zipp-3.15.0
#8 10.14 WARNING: Running pip as the 'root' user can result in broken permissions and conflicting behaviour with the system package manager. It is recommended to use a virtual environment instead: https://pip.pypa.io/warnings/venv
#8 10.48 WARNING: You are using pip version 22.0.4; however, version 23.1.2 is available.
#8 10.48 You should consider upgrading via the '/usr/local/bin/python -m pip install --upgrade pip' command.
#8 DONE 10.7s

#9 [5/5] COPY . .
#9 DONE 0.0s

#10 exporting to image
#10 exporting layers
#10 exporting layers 0.3s done
#10 writing image sha256:b7f64dd266085f07aada506c6e6044aceb607b7f82a13d5a57aafb8f2f1540fe done
#10 naming to docker.io/duclm278/api done
#10 DONE 0.3s
