2023-05-09 23:16:30,213 - student_attend - INFO - Get all user info
2023-05-09 23:31:42,341 - student_attend - INFO - Get all user info
2023-05-09 23:33:25,862 - student_attend - INFO - Get all user info
2023-05-09 23:35:47,137 - student_attend - INFO - Get all user info
2023-05-09 23:35:47,783 - student_attend - INFO - Get all user info
2023-05-09 23:35:47,955 - student_attend - INFO - Get all user info
2023-05-09 23:35:48,114 - student_attend - INFO - Get all user info
2023-05-09 23:35:48,279 - student_attend - INFO - Get all user info
2023-05-09 23:53:28,685 - student_attend - INFO - Get all user info
2023-05-09 23:53:29,487 - student_attend - INFO - Get all user info
2023-05-09 23:53:29,703 - student_attend - INFO - Get all user info
2023-05-09 23:53:29,905 - student_attend - INFO - Get all user info
2023-05-09 23:53:30,069 - student_attend - INFO - Get all user info
2023-05-09 23:53:30,252 - student_attend - INFO - Get all user info
2023-05-10 10:19:08,040 - student_attend - INFO - Get all user info
2023-05-10 10:28:27,324 - student_attend - INFO - Get all user info
2023-05-10 12:41:25,785 - student_attend - INFO - Add user to db
2023-05-10 12:43:11,122 - student_attend - INFO - Get all user info
2023-05-10 12:44:30,423 - student_attend - INFO - Get all user info
2023-05-10 12:45:05,502 - student_attend - INFO - Get all user info
2023-05-10 12:46:10,230 - student_attend - INFO - Get all user info
2023-05-10 12:46:10,902 - student_attend - INFO - Get all user info
2023-05-10 12:49:46,946 - student_attend - INFO - Get all user info
2023-05-10 12:50:00,760 - student_attend - INFO - Get all user info
2023-05-10 12:50:01,382 - student_attend - INFO - Get all user info
2023-05-10 12:50:01,537 - student_attend - INFO - Get all user info
2023-05-10 12:50:01,713 - student_attend - INFO - Get all user info
2023-05-10 12:50:28,996 - student_attend - INFO - Get all user info
2023-05-10 12:54:00,179 - student_attend - INFO - Get all user info
2023-05-10 12:54:00,347 - student_attend - INFO - Get all user info
2023-05-10 12:54:00,522 - student_attend - INFO - Get all user info
2023-05-10 12:54:00,685 - student_attend - INFO - Get all user info
2023-05-10 12:54:15,614 - student_attend - INFO - Get all user info
2023-05-10 17:41:28,298 - student_attend - INFO - Get all user info
2023-05-10 17:41:29,121 - student_attend - INFO - Get all user info
2023-05-10 17:41:29,330 - student_attend - INFO - Get all user info
2023-05-10 17:41:29,537 - student_attend - INFO - Get all user info
2023-05-10 17:41:29,735 - student_attend - INFO - Get all user info
2023-05-10 17:41:29,933 - student_attend - INFO - Get all user info
2023-05-10 17:41:30,120 - student_attend - INFO - Get all user info
2023-05-10 17:41:30,317 - student_attend - INFO - Get all user info
2023-05-10 17:41:31,075 - student_attend - INFO - Get all user info
2023-05-10 17:41:31,649 - student_attend - INFO - Get all user info
2023-05-10 17:41:31,831 - student_attend - INFO - Get all user info
2023-05-10 17:41:45,938 - student_attend - INFO - Get all user info
2023-05-10 17:45:04,578 - student_attend - INFO - Add user to db
2023-05-10 17:45:04,586 - student_attend - INFO - Add user to db
2023-05-10 17:45:04,593 - student_attend - INFO - Add user to db
2023-05-10 17:45:04,605 - student_attend - INFO - Add user to db
2023-05-10 17:45:04,614 - student_attend - INFO - Add user to db
2023-05-10 17:45:04,624 - student_attend - INFO - Add user to db
2023-05-10 17:45:04,637 - student_attend - INFO - Add user to db
2023-05-10 17:45:04,651 - student_attend - INFO - Add user to db
2023-05-10 17:45:04,667 - student_attend - INFO - Add user to db
2023-05-10 17:45:04,675 - student_attend - INFO - Add user to db
2023-05-10 17:45:04,684 - student_attend - INFO - Add user to db
2023-05-10 17:45:04,693 - student_attend - INFO - Add user to db
2023-05-10 17:45:04,701 - student_attend - INFO - Add user to db
2023-05-10 17:45:04,709 - student_attend - INFO - Add user to db
2023-05-10 17:45:04,717 - student_attend - INFO - Add user to db
2023-05-10 17:45:04,724 - student_attend - INFO - Add user to db
2023-05-10 17:45:04,730 - student_attend - INFO - Add user to db
2023-05-10 17:45:04,736 - student_attend - INFO - Add user to db
2023-05-10 17:45:04,743 - student_attend - INFO - Add user to db
2023-05-10 17:45:04,749 - student_attend - INFO - Add user to db
2023-05-10 17:45:04,754 - student_attend - INFO - Add user to db
2023-05-10 17:45:04,760 - student_attend - INFO - Add user to db
2023-05-10 17:45:04,775 - student_attend - INFO - Add user to db
2023-05-10 17:45:04,781 - student_attend - INFO - Add user to db
2023-05-10 17:45:04,786 - student_attend - INFO - Add user to db
2023-05-10 17:45:04,792 - student_attend - INFO - Add user to db
2023-05-10 17:45:04,803 - student_attend - INFO - Add user to db
2023-05-10 17:45:04,808 - student_attend - INFO - Add user to db
2023-05-10 17:45:04,814 - student_attend - INFO - Add user to db
2023-05-10 17:45:04,820 - student_attend - INFO - Add user to db
2023-05-10 17:45:04,826 - student_attend - INFO - Add user to db
2023-05-10 17:45:04,834 - student_attend - INFO - Add user to db
2023-05-10 17:45:04,842 - student_attend - INFO - Add user to db
2023-05-10 17:45:04,851 - student_attend - INFO - Add user to db
2023-05-10 17:45:04,857 - student_attend - INFO - Add user to db
2023-05-10 17:45:13,272 - student_attend - INFO - Get all user info
2023-05-10 17:46:10,964 - student_attend - INFO - Delete user to db
2023-05-10 17:46:34,538 - student_attend - INFO - Get user to db
2023-05-10 17:47:47,008 - student_attend - INFO - Update user info
2023-05-16 19:50:58,715 - student_attend - INFO - Fail get all user info
2023-05-16 19:57:13,237 - student_attend - INFO - Fail update user info
2023-05-16 19:57:43,363 - student_attend - INFO - Fail get all user info
2023-05-16 20:01:11,587 - student_attend - INFO - Add user to db
2023-05-16 20:02:03,466 - student_attend - INFO - Get all user info
2023-05-16 20:02:22,952 - student_attend - INFO - Fail update user info
2023-05-16 20:04:03,444 - student_attend - INFO - Pass test add user
2023-05-16 20:04:03,463 - student_attend - INFO - Get user to db
2023-05-16 20:04:03,465 - student_attend - INFO - Pass test get single user info
2023-05-16 20:04:03,472 - student_attend - INFO - Delete user to db
2023-05-16 20:04:03,478 - student_attend - INFO - Pass delete user
2023-05-16 20:04:03,639 - student_attend - INFO - Get all user info
2023-05-16 20:04:03,648 - student_attend - INFO - Pass get all users
2023-05-16 20:04:41,838 - student_attend - INFO - Add user to db
2023-05-16 20:04:41,841 - student_attend - INFO - Pass test add user
2023-05-16 20:04:41,849 - student_attend - INFO - Get user to db
2023-05-16 20:04:41,850 - student_attend - INFO - Pass test get single user info
2023-05-16 20:04:41,864 - student_attend - INFO - Update user info
2023-05-16 20:04:41,906 - student_attend - INFO - Delete user to db
2023-05-16 20:04:41,907 - student_attend - INFO - Pass delete user
2023-05-16 20:04:41,909 - student_attend - INFO - Get all user info
2023-05-16 20:04:41,911 - student_attend - INFO - Pass get all users
2023-05-16 20:05:21,488 - student_attend - INFO - Add user to db
2023-05-16 20:05:21,497 - student_attend - INFO - Pass test add user
2023-05-16 20:05:21,508 - student_attend - INFO - Get user to db
2023-05-16 20:05:21,516 - student_attend - INFO - Pass test get single user info
2023-05-16 20:05:21,527 - student_attend - INFO - Add user to db
2023-05-16 20:05:21,541 - student_attend - INFO - Update user info
2023-05-16 20:05:21,571 - student_attend - INFO - Delete user to db
2023-05-16 20:05:21,572 - student_attend - INFO - Pass delete user
2023-05-16 20:05:21,574 - student_attend - INFO - Get all user info
2023-05-16 20:05:21,578 - student_attend - INFO - Pass get all users
2023-05-16 20:05:35,848 - student_attend - INFO - Add user to db
2023-05-16 20:05:35,856 - student_attend - INFO - Pass test add user
2023-05-16 20:05:35,863 - student_attend - INFO - Get user to db
2023-05-16 20:05:35,872 - student_attend - INFO - Pass test get single user info
2023-05-16 20:05:35,892 - student_attend - INFO - Update user info
2023-05-16 20:05:35,894 - student_attend - INFO - Pass update user
2023-05-16 20:05:35,897 - student_attend - INFO - Delete user to db
2023-05-16 20:05:35,898 - student_attend - INFO - Pass delete user
2023-05-16 20:05:35,902 - student_attend - INFO - Get all user info
2023-05-16 20:05:35,906 - student_attend - INFO - Pass get all users
2023-05-16 20:05:42,439 - student_attend - INFO - Add user to db
2023-05-16 20:05:42,450 - student_attend - INFO - Pass test add user
2023-05-16 20:05:42,454 - student_attend - INFO - Get user to db
2023-05-16 20:05:42,455 - student_attend - INFO - Pass test get single user info
2023-05-16 20:05:42,463 - student_attend - INFO - Update user info
2023-05-16 20:05:42,464 - student_attend - INFO - Pass update user
2023-05-16 20:05:42,474 - student_attend - INFO - Delete user to db
2023-05-16 20:05:42,475 - student_attend - INFO - Pass delete user
2023-05-16 20:05:42,489 - student_attend - INFO - Get all user info
2023-05-16 20:05:42,492 - student_attend - INFO - Pass get all users
2023-05-16 20:05:58,029 - student_attend - INFO - Add user to db
2023-05-16 20:05:58,033 - student_attend - INFO - Pass test add user
2023-05-16 20:05:58,046 - student_attend - INFO - Get user to db
2023-05-16 20:05:58,048 - student_attend - INFO - Pass test get single user info
2023-05-16 20:05:58,065 - student_attend - INFO - Add user to db
2023-05-16 20:05:58,083 - student_attend - INFO - Update user info
2023-05-16 20:05:58,126 - student_attend - INFO - Delete user to db
2023-05-16 20:05:58,127 - student_attend - INFO - Pass delete user
2023-05-16 20:05:58,129 - student_attend - INFO - Get all user info
2023-05-16 20:05:58,134 - student_attend - INFO - Pass get all users
2023-05-16 20:06:26,430 - student_attend - INFO - Add user to db
2023-05-16 20:06:26,446 - student_attend - INFO - Pass test add user
2023-05-16 20:06:26,449 - student_attend - INFO - Get user to db
2023-05-16 20:06:26,452 - student_attend - INFO - Pass test get single user info
2023-05-16 20:06:26,468 - student_attend - INFO - Update user info
2023-05-16 20:06:26,470 - student_attend - INFO - Pass update user
2023-05-16 20:06:26,474 - student_attend - INFO - Delete user to db
2023-05-16 20:06:26,475 - student_attend - INFO - Pass delete user
2023-05-16 20:06:26,487 - student_attend - INFO - Get all user info
2023-05-16 20:06:26,496 - student_attend - INFO - Pass get all users
2023-05-16 20:07:10,157 - student_attend - INFO - Add user to db
2023-05-16 20:07:10,175 - student_attend - INFO - Pass test add user
2023-05-16 20:07:10,182 - student_attend - INFO - Get user to db
2023-05-16 20:07:10,192 - student_attend - INFO - Pass test get single user info
2023-05-16 20:07:10,211 - student_attend - INFO - Update user info
2023-05-16 20:07:10,212 - student_attend - INFO - Pass update user
2023-05-16 20:07:10,220 - student_attend - INFO - Delete user to db
2023-05-16 20:07:10,221 - student_attend - INFO - Pass delete user
2023-05-16 20:07:10,225 - student_attend - INFO - Get all user info
2023-05-16 20:07:10,232 - student_attend - INFO - Pass get all users
2023-05-16 20:07:35,249 - student_attend - INFO - Add user to db
2023-05-16 20:07:35,252 - student_attend - INFO - Pass test add user
2023-05-16 20:07:35,261 - student_attend - INFO - Get user to db
2023-05-16 20:07:35,262 - student_attend - INFO - Pass test get single user info
2023-05-16 20:07:35,267 - student_attend - INFO - Update user info
2023-05-16 20:07:35,268 - student_attend - INFO - Pass update user
2023-05-16 20:07:35,272 - student_attend - INFO - Delete user to db
2023-05-16 20:07:35,273 - student_attend - INFO - Pass delete user
2023-05-16 20:07:35,276 - student_attend - INFO - Get all user info
2023-05-16 20:07:35,280 - student_attend - INFO - Pass get all users
2023-05-16 20:08:35,545 - student_attend - INFO - Add user to db
2023-05-16 20:08:35,566 - student_attend - INFO - Get user to db
2023-05-16 20:08:35,572 - student_attend - INFO - Update user info
2023-05-16 20:08:35,583 - student_attend - INFO - Delete user to db
2023-05-16 20:08:35,584 - student_attend - INFO - Pass delete user
2023-05-16 20:08:35,588 - student_attend - INFO - Get all user info
2023-05-16 20:08:35,591 - student_attend - INFO - Pass get all users
2023-05-16 20:08:48,826 - student_attend - INFO - Get user to db
2023-05-16 20:08:51,149 - student_attend - INFO - Get all user info
