(env) minhle@minhletrong:~/Downloads/dev-mid-term/10. GK/Le-Trong-Minh$ sudo ansible-playbook -i inventories/inventory.yml api.yml 

PLAY [all] **************************************************************************************************************************************************

TASK [Gathering Facts] **************************************************************************************************************************************
ok: [local]

TASK [api : Create vth group info.] *************************************************************************************************************************
ok: [local]

TASK [api : Create user.] ***********************************************************************************************************************************
ok: [local]

TASK [api : Check docker install.] **************************************************************************************************************************
changed: [local]

TASK [api : Create docker network] **************************************************************************************************************************
ok: [local]

TASK [api : Run the docker api images] **********************************************************************************************************************
[DEPRECATION WARNING]: The container_default_behavior option will change its default value from "compatibility" to "no_defaults" in community.docker 2.0.0. 
To remove this warning, please specify an explicit value for it now. This feature will be removed from community.docker in version 2.0.0. Deprecation 
warnings can be disabled by setting deprecation_warnings=False in ansible.cfg.
[DEPRECATION WARNING]: Please note that the default value for `network_mode` will change from not specified (which is equal to `default`) to the name of the
 first network in `networks` if `networks` has at least one entry and `networks_cli_compatible` is `true`. You can change the behavior now by explicitly 
setting `network_mode` to the name of the first network in `networks`, and remove this warning by setting `network_mode` to `default`. Please make sure that
 the value you set to `network_mode` equals the inspection result for existing containers, otherwise the module will recreate them. You can find out the 
correct value by running "docker inspect --format '{{.HostConfig.NetworkMode}}' <container_name>". This feature will be removed from community.docker in 
version 2.0.0. Deprecation warnings can be disabled by setting deprecation_warnings=False in ansible.cfg.
changed: [local]

TASK [api : Run the docker api images] **********************************************************************************************************************
changed: [local]

PLAY RECAP **************************************************************************************************************************************************
local                      : ok=7    changed=3    unreachable=0    failed=0    skipped=0    rescued=0    ignored=0   
