(env) minhle@minhletrong:~/Downloads/dev-mid-term/10. GK/Le-Trong-Minh$ sudo ansible-playbook -i inventories/inventory.yml logstash.yaml 

PLAY [all] ********************************************************************************************************************************************************************************

TASK [Gathering Facts] ********************************************************************************************************************************************************************
ok: [local]

TASK [logstash : Include OS Specific setup tasks] *****************************************************************************************************************************************
included: /home/minhle/Downloads/dev-mid-term/10. GK/Le-Trong-Minh/roles/logstash/tasks/setup-Debian.yaml for local

TASK [logstash : Ensure required dependencies are installed.] *****************************************************************************************************************************
ok: [local]

TASK [logstash : Add Elasticsearch apt key.] **********************************************************************************************************************************************
ok: [local]

TASK [logstash : Add Logstash repository.] ************************************************************************************************************************************************
ok: [local]

TASK [logstash : Install Logstash.] *******************************************************************************************************************************************************
ok: [local]

TASK [logstash : Add Logstash user to adm group (Debian).] ********************************************************************************************************************************
ok: [local]

TASK [logstash : Create Logstash configuration files.] ************************************************************************************************************************************
changed: [local] => (item=01-beats-input.conf)

TASK [logstash : Ensure Logstash SSL key pair directory exists.] **************************************************************************************************************************
skipping: [local]

TASK [logstash : Copy SSL key and cert for logstash-forwarder.] ***************************************************************************************************************************
skipping: [local] => (item=) 
skipping: [local] => (item=) 

TASK [logstash : Get list of installed plugins.] ******************************************************************************************************************************************
ok: [local]

TASK [logstash : Install configured plugins.] *********************************************************************************************************************************************
skipping: [local] => (item=logstash-input-beats) 
changed: [local] => (item=logstash-filter-multiline)

TASK [logstash : Ensure Logstash is started and enabled on boot.] *************************************************************************************************************************
changed: [local]

RUNNING HANDLER [logstash : restart logstash] *********************************************************************************************************************************************
changed: [local]

PLAY RECAP ********************************************************************************************************************************************************************************
local                      : ok=12   changed=4    unreachable=0    failed=0    skipped=2    rescued=0    ignored=0   
