PLAY [all] ***************************************************************************************************************************************************************************************************************

TASK [Gathering Facts] ***************************************************************************************************************************************************************************************************
ok: [local]

TASK [common : Load OS-specific vars.] ***********************************************************************************************************************************************************************************
ok: [local]

TASK [common : include_tasks] ********************************************************************************************************************************************************************************************
skipping: [local]

TASK [common : include_tasks] ********************************************************************************************************************************************************************************************
included: /home/parallels/Documents/Viettel-Digital-Talent-2023/10.GK/Vu_Minh_Hieu/ansible/roles/common/tasks/setup-Debian.yml for local

TASK [common : Ensure old versions of Docker are not installed.] *********************************************************************************************************************************************************
ok: [local]

TASK [common : Ensure dependencies are installed.] ***********************************************************************************************************************************************************************
ok: [local]

TASK [common : Ensure additional dependencies are installed (on Ubuntu < 20.04 and any other systems).] ******************************************************************************************************************
skipping: [local]

TASK [common : Ensure additional dependencies are installed (on Ubuntu >= 20.04).] ***************************************************************************************************************************************
ok: [local]

TASK [common : Add Docker apt key.] **************************************************************************************************************************************************************************************
ok: [local]

TASK [common : Ensure curl is present (on older systems without SNI).] ***************************************************************************************************************************************************
skipping: [local]

TASK [common : Add Docker apt key (alternative for older systems without SNI).] ******************************************************************************************************************************************
skipping: [local]

TASK [common : Add Docker repository.] ***********************************************************************************************************************************************************************************
ok: [local]

TASK [common : Install Docker packages.] *********************************************************************************************************************************************************************************
ok: [local]

TASK [common : Install Docker packages (with downgrade option).] *********************************************************************************************************************************************************
skipping: [local]

TASK [common : Install docker-compose plugin.] ***************************************************************************************************************************************************************************
skipping: [local]

TASK [common : Install docker-compose-plugin (with downgrade option).] ***************************************************************************************************************************************************
skipping: [local]

TASK [common : Ensure /etc/docker/ directory exists.] ********************************************************************************************************************************************************************
skipping: [local]

TASK [common : Configure Docker daemon options.] *************************************************************************************************************************************************************************
skipping: [local]

TASK [common : Ensure Docker is started and enabled at boot.] ************************************************************************************************************************************************************
ok: [local]

TASK [common : include_tasks] ********************************************************************************************************************************************************************************************
included: /home/parallels/Documents/Viettel-Digital-Talent-2023/10.GK/Vu_Minh_Hieu/ansible/roles/common/tasks/docker-compose.yml for local

TASK [common : Check current docker-compose version.] ********************************************************************************************************************************************************************
ok: [local]

TASK [common : set_fact] *************************************************************************************************************************************************************************************************
ok: [local]

TASK [common : Delete existing docker-compose version if it's different.] ************************************************************************************************************************************************
skipping: [local]

TASK [common : Install Docker Compose (if configured).] ******************************************************************************************************************************************************************
skipping: [local]

TASK [common : Get docker group info using getent.] **********************************************************************************************************************************************************************
skipping: [local]

TASK [common : Check if there are any users to add to the docker group.] *************************************************************************************************************************************************

TASK [common : include_tasks] ********************************************************************************************************************************************************************************************
skipping: [local]

PLAY RECAP ***************************************************************************************************************************************************************************************************************
local                      : ok=13   changed=0    unreachable=0    failed=0    skipped=14   rescued=0    ignored=0   