PLAY [all] ***************************************************************************************************************************************************************************************************************

TASK [Gathering Facts] ***************************************************************************************************************************************************************************************************
ok: [local]

TASK [mongodb : include_tasks] *******************************************************************************************************************************************************************************************
included: /home/parallels/Documents/Viettel-Digital-Talent-2023/10.GK/Vu_Minh_Hieu/ansible/roles/mongodb/tasks/config.yml for local

TASK [mongodb : Create nginx group info.] ********************************************************************************************************************************************************************************
ok: [local]

TASK [mongodb : Create user.] ********************************************************************************************************************************************************************************************
ok: [local]

TASK [mongodb : Check docker install.] ***********************************************************************************************************************************************************************************
ok: [local]

TASK [mongodb : Ensure db client packages are installed (Debian/Ubuntu)] *************************************************************************************************************************************************
skipping: [local] => (item=mongodb-org-tools) 

TASK [mongodb : include_tasks] *******************************************************************************************************************************************************************************************
included: /home/parallels/Documents/Viettel-Digital-Talent-2023/10.GK/Vu_Minh_Hieu/ansible/roles/mongodb/tasks/setup_env.yml for local

TASK [mongodb : Configuration: Environment with Auth] ********************************************************************************************************************************************************************
skipping: [local]

TASK [mongodb : Configuration: Environment without Auth] *****************************************************************************************************************************************************************
ok: [local]

TASK [mongodb : Configuration: Init database] ****************************************************************************************************************************************************************************
ok: [local]

TASK [mongodb : Configuration: Render config directories] ****************************************************************************************************************************************************************
ok: [local]

TASK [mongodb : Configuration: Render user config script] ****************************************************************************************************************************************************************
ok: [local]

TASK [mongodb : include_tasks] *******************************************************************************************************************************************************************************************
included: /home/parallels/Documents/Viettel-Digital-Talent-2023/10.GK/Vu_Minh_Hieu/ansible/roles/mongodb/tasks/service.yml for local

TASK [mongodb : Create data container] ***********************************************************************************************************************************************************************************
[DEPRECATION WARNING]: The container_default_behavior option will change its default value from "compatibility" to "no_defaults" in community.general 3.0.0. To remove this warning, please specify an explicit value for
 it now. This feature will be removed from community.general in version 3.0.0. Deprecation warnings can be disabled by setting deprecation_warnings=False in ansible.cfg.
changed: [local]

TASK [mongodb : Run mongodb container] ***********************************************************************************************************************************************************************************
changed: [local]

TASK [mongodb : Wait until mongodb starts up] ****************************************************************************************************************************************************************************
ok: [local]

PLAY RECAP ***************************************************************************************************************************************************************************************************************
local                      : ok=14   changed=2    unreachable=0    failed=0    skipped=2    rescued=0    ignored=0