99219f196ddd   13 minutes ago   CMD ["uvicorn" "main:app" "--host" "0.0.0.0"…   0B        buildkit.dockerfile.v0
<missing>      13 minutes ago   RUN /bin/sh -c pip install --no-cache-dir --…   18.8MB    buildkit.dockerfile.v0
<missing>      14 minutes ago   COPY . /code # buildkit                         21.1kB    buildkit.dockerfile.v0
<missing>      14 minutes ago   WORKDIR /code                                   0B        buildkit.dockerfile.v0
<missing>      2 weeks ago      CMD ["python3"]                                 0B        buildkit.dockerfile.v0
<missing>      2 weeks ago      RUN /bin/sh -c set -eux;   wget -O get-pip.p…   10.3MB    buildkit.dockerfile.v0
<missing>      2 weeks ago      ENV PYTHON_GET_PIP_SHA256=96461deced5c2a487d…   0B        buildkit.dockerfile.v0
<missing>      2 weeks ago      ENV PYTHON_GET_PIP_URL=https://github.com/py…   0B        buildkit.dockerfile.v0
<missing>      2 weeks ago      ENV PYTHON_SETUPTOOLS_VERSION=58.1.0            0B        buildkit.dockerfile.v0
<missing>      2 weeks ago      ENV PYTHON_PIP_VERSION=22.0.4                   0B        buildkit.dockerfile.v0
<missing>      2 weeks ago      RUN /bin/sh -c set -eux;  for src in idle3 p…   32B       buildkit.dockerfile.v0
<missing>      2 weeks ago      RUN /bin/sh -c set -eux;   wget -O python.ta…   43.9MB    buildkit.dockerfile.v0
<missing>      2 weeks ago      ENV PYTHON_VERSION=3.9.16                       0B        buildkit.dockerfile.v0
<missing>      2 weeks ago      ENV GPG_KEY=E3FF2839C048B25C084DEBE9B26995E3…   0B        buildkit.dockerfile.v0
<missing>      2 weeks ago      RUN /bin/sh -c set -eux;  apt-get update;  a…   18.7MB    buildkit.dockerfile.v0
<missing>      2 weeks ago      ENV LANG=C.UTF-8                                0B        buildkit.dockerfile.v0
<missing>      2 weeks ago      ENV PATH=/usr/local/bin:/usr/local/sbin:/usr…   0B        buildkit.dockerfile.v0
<missing>      2 weeks ago      /bin/sh -c set -ex;  apt-get update;  apt-ge…   488MB     
<missing>      2 weeks ago      /bin/sh -c apt-get update && apt-get install…   150MB     
<missing>      2 weeks ago      /bin/sh -c set -eux;  apt-get update;  apt-g…   28.3MB    
<missing>      2 weeks ago      /bin/sh -c #(nop)  CMD ["bash"]                 0B        
<missing>      2 weeks ago      /bin/sh -c #(nop) ADD file:f930fdb659332a615…   118MB 