PLAY [all] ***************************************************************************************************************************************************************************************************************

TASK [Gathering Facts] ***************************************************************************************************************************************************************************************************
ok: [local]

TASK [monitoring : Node exporter container.] *****************************************************************************************************************************************************************************
[DEPRECATION WARNING]: The container_default_behavior option will change its default value from "compatibility" to "no_defaults" in community.docker 2.0.0. To remove this warning, please specify an explicit value for 
it now. This feature will be removed from community.docker in version 2.0.0. Deprecation warnings can be disabled by setting deprecation_warnings=False in ansible.cfg.
changed: [local]

TASK [monitoring : Cadvisor container.] **********************************************************************************************************************************************************************************
changed: [local]

TASK [monitoring : Prometheus container] *********************************************************************************************************************************************************************************
changed: [local]

PLAY RECAP ***************************************************************************************************************************************************************************************************************
local                      : ok=4    changed=3    unreachable=0    failed=0    skipped=0    rescued=0    ignored=0   

root@ubuntu-linux-22-04-desktop:/home/parallels/Documents/Viettel-Digital-Talent-2023/10.GK/Vu_Minh_Hieu/ansible# ansible-playbook -i inventories/inventory.yml playbook-logging.yml 

PLAY [all] ***************************************************************************************************************************************************************************************************************

TASK [Gathering Facts] ***************************************************************************************************************************************************************************************************
ok: [local]

TASK [logging : Build a fluentd image] ***********************************************************************************************************************************************************************************
changed: [local]

TASK [logging : Build a fluentd container] *******************************************************************************************************************************************************************************
[DEPRECATION WARNING]: The container_default_behavior option will change its default value from "compatibility" to "no_defaults" in community.docker 2.0.0. To remove this warning, please specify an explicit value for 
it now. This feature will be removed from community.docker in version 2.0.0. Deprecation warnings can be disabled by setting deprecation_warnings=False in ansible.cfg.
changed: [local]

PLAY RECAP ***************************************************************************************************************************************************************************************************************
local                      : ok=3    changed=2    unreachable=0    failed=0    skipped=0    rescued=0    ignored=0 