IMAGE          CREATED       CREATED BY                                      SIZE      COMMENT
e02771e6e39b   2 weeks ago   /bin/sh -c #(nop)  CMD ["mongod"]               0B        
<missing>      2 weeks ago   /bin/sh -c #(nop)  EXPOSE 27017                 0B        
<missing>      2 weeks ago   /bin/sh -c #(nop)  ENTRYPOINT ["docker-entry…   0B        
<missing>      2 weeks ago   /bin/sh -c #(nop) COPY file:e3d6a34db83fe880…   14.2kB    
<missing>      2 weeks ago   /bin/sh -c #(nop)  ENV HOME=/data/db            0B        
<missing>      2 weeks ago   /bin/sh -c #(nop)  VOLUME [/data/db /data/co…   0B        
<missing>      2 weeks ago   /bin/sh -c set -x  && export DEBIAN_FRONTEND…   542MB     
<missing>      2 weeks ago   /bin/sh -c #(nop)  ENV MONGO_VERSION=5.0.17     0B        
<missing>      2 weeks ago   /bin/sh -c echo "deb [ signed-by=/etc/apt/ke…   116B      
<missing>      2 weeks ago   /bin/sh -c #(nop)  ENV MONGO_MAJOR=5.0          0B        
<missing>      2 weeks ago   /bin/sh -c #(nop)  ENV MONGO_PACKAGE=mongodb…   0B        
<missing>      2 weeks ago   /bin/sh -c #(nop)  ARG MONGO_REPO=repo.mongo…   0B        
<missing>      2 weeks ago   /bin/sh -c #(nop)  ARG MONGO_PACKAGE=mongodb…   0B        
<missing>      2 weeks ago   /bin/sh -c set -ex;  export GNUPGHOME="$(mkt…   1.16kB    
<missing>      2 weeks ago   /bin/sh -c mkdir /docker-entrypoint-initdb.d    0B        
<missing>      2 weeks ago   /bin/sh -c set -ex;   savedAptMark="$(apt-ma…   3.54MB    
<missing>      2 weeks ago   /bin/sh -c #(nop)  ENV JSYAML_VERSION=3.13.1    0B        
<missing>      2 weeks ago   /bin/sh -c #(nop)  ENV GOSU_VERSION=1.16        0B        
<missing>      2 weeks ago   /bin/sh -c set -eux;  apt-get update;  apt-g…   18.5MB    
<missing>      4 weeks ago   /bin/sh -c set -eux;  groupadd --gid 999 --s…   333kB     
<missing>      5 weeks ago   /bin/sh -c #(nop)  CMD ["/bin/bash"]            0B        
<missing>      5 weeks ago   /bin/sh -c #(nop) ADD file:0150fa02321f8be16…   65.7MB    
<missing>      5 weeks ago   /bin/sh -c #(nop)  LABEL org.opencontainers.…   0B        
<missing>      5 weeks ago   /bin/sh -c #(nop)  LABEL org.opencontainers.…   0B        
<missing>      5 weeks ago   /bin/sh -c #(nop)  ARG LAUNCHPAD_BUILD_ARCH     0B        
<missing>      5 weeks ago   /bin/sh -c #(nop)  ARG RELEASE                  0B 