PLAY [all] ***************************************************************************************************************************************************************************************************************

TASK [Gathering Facts] ***************************************************************************************************************************************************************************************************
ok: [local]

TASK [frontend : include_tasks] ******************************************************************************************************************************************************************************************
included: /home/parallels/Documents/Viettel-Digital-Talent-2023/10.GK/Vu_Minh_Hieu/ansible/roles/frontend/tasks/config.yml for local

TASK [frontend : Create vth group info.] *********************************************************************************************************************************************************************************
ok: [local]

TASK [frontend : Create user.] *******************************************************************************************************************************************************************************************
ok: [local]

TASK [frontend : Check docker install.] **********************************************************************************************************************************************************************************
ok: [local]

TASK [frontend : include_tasks] ******************************************************************************************************************************************************************************************

TASK [frontend : include_tasks] ******************************************************************************************************************************************************************************************
included: /home/parallels/Documents/Viettel-Digital-Talent-2023/10.GK/Vu_Minh_Hieu/ansible/roles/frontend/tasks/service.yml for local

TASK [frontend : Start container 1] **************************************************************************************************************************************************************************************
[DEPRECATION WARNING]: The container_default_behavior option will change its default value from "compatibility" to "no_defaults" in community.docker 2.0.0. To remove this warning, please specify an explicit value for 
it now. This feature will be removed from community.docker in version 2.0.0. Deprecation warnings can be disabled by setting deprecation_warnings=False in ansible.cfg.
changed: [local]

TASK [frontend : Start container 2] **************************************************************************************************************************************************************************************
changed: [local]

TASK [frontend : Start container 3] **************************************************************************************************************************************************************************************
changed: [local]

PLAY RECAP ***************************************************************************************************************************************************************************************************************
local                      : ok=9    changed=3    unreachable=0    failed=0    skipped=0    rescued=0    ignored=0 