hoangndst@master:~/middle/ansible$ ansible-playbook -i inventories/digitalocean/hosts deploy.yaml -K
BECOME password: 

PLAY [vm] *************************************************************************************************************************************************************************************

TASK [monitor : Check if python3-pip is installed] ********************************************************************************************************************************************
ok: [vm2]
ok: [vm1]
ok: [vm3]

TASK [monitor : Install docker module for python if not exists] *******************************************************************************************************************************
ok: [vm2]
ok: [vm1]
ok: [vm3]

TASK [monitor : Check if docker network exists] ***********************************************************************************************************************************************
ok: [vm2]
ok: [vm1]
ok: [vm3]

TASK [monitor : Create docker network] ********************************************************************************************************************************************************
skipping: [vm1]
skipping: [vm2]
skipping: [vm3]

TASK [monitor : Check if docker PROMETHEUS_VOLUME exists] *************************************************************************************************************************************
skipping: [vm1]
ok: [vm2]
ok: [vm3]

TASK [monitor : Create docker PROMETHEUS_VOLUME] **********************************************************************************************************************************************
skipping: [vm1]
skipping: [vm2]
skipping: [vm3]

TASK [monitor : Check if docker GRAFANA_VOLUME exists] ****************************************************************************************************************************************
skipping: [vm2]
skipping: [vm3]
ok: [vm1]

TASK [monitor : Create docker GRAFANA_VOLUME] *************************************************************************************************************************************************
skipping: [vm1]
skipping: [vm2]
skipping: [vm3]

TASK [monitor : Check if docker MINIO_VOLUME exists] ******************************************************************************************************************************************
skipping: [vm2]
skipping: [vm3]
ok: [vm1]

TASK [monitor : Create docker MINIO_VOLUME] ***************************************************************************************************************************************************
skipping: [vm1]
skipping: [vm2]
skipping: [vm3]

TASK [monitor : Copy folder files/alertmanager to /etc/] **************************************************************************************************************************************
ok: [vm2]
ok: [vm1]
ok: [vm3]

TASK [monitor : Create /etc/prometheus directory if not exists] *******************************************************************************************************************************
skipping: [vm1]
ok: [vm2]
ok: [vm3]

TASK [monitor : Copy folder files/rules to /etc/prometheus] ***********************************************************************************************************************************
skipping: [vm1]
changed: [vm2]
changed: [vm3]

TASK [monitor : Copy prometheus config file] **************************************************************************************************************************************************
skipping: [vm1]
ok: [vm3]
ok: [vm2]

TASK [monitor : Create /etc/thanos directory if not exists] ***********************************************************************************************************************************
ok: [vm2]
ok: [vm3]
ok: [vm1]

TASK [monitor : Copy thanos config file] ******************************************************************************************************************************************************
ok: [vm2]
ok: [vm3]
ok: [vm1]

TASK [monitor : Copy folder files/grafana to /etc/] *******************************************************************************************************************************************
skipping: [vm2]
skipping: [vm3]
ok: [vm1]

TASK [monitor : Create /tmp/monitor directory if not exists] **********************************************************************************************************************************
ok: [vm1]
changed: [vm2]
changed: [vm3]

TASK [monitor : Copy docker-compose file] *****************************************************************************************************************************************************
ok: [vm1]
changed: [vm2]
changed: [vm3]

TASK [monitor : Make sure previous monitoring is removed] *************************************************************************************************************************************
changed: [vm2]
changed: [vm3]
changed: [vm1]

TASK [monitor : Deploy monitoring] ************************************************************************************************************************************************************
changed: [vm2]
changed: [vm3]
changed: [vm1]

PLAY RECAP ************************************************************************************************************************************************************************************
vm1                        : ok=13   changed=2    unreachable=0    failed=0    skipped=8    rescued=0    ignored=0   
vm2                        : ok=14   changed=5    unreachable=0    failed=0    skipped=7    rescued=0    ignored=0   
vm3                        : ok=14   changed=5    unreachable=0    failed=0    skipped=7    rescued=0    ignored=0   
