(env) minh@minhle:~/Downloads/learnAnsible/HWansible$ ansible-playbook -i inventories/inventory.yaml playbook-mongo.yaml 

PLAY [all] ************************************************************************************************************************************************************************************

TASK [Gathering Facts] ************************************************************************************************************************************************************************
ok: [localhost]

TASK [db : include_tasks] *********************************************************************************************************************************************************************
included: /home/minh/Downloads/learnAnsible/HWansible/roles/db/tasks/config.yml for localhost

TASK [db : Create nginx group info.] **********************************************************************************************************************************************************
ok: [localhost]

TASK [db : Create user.] **********************************************************************************************************************************************************************
ok: [localhost]

TASK [db : Check docker install.] *************************************************************************************************************************************************************
ok: [localhost]

TASK [db : Ensure db client packages are installed (Debian/Ubuntu)] ***************************************************************************************************************************
skipping: [localhost] => (item=mongodb-org-tools) 
skipping: [localhost]

TASK [db : include_tasks] *********************************************************************************************************************************************************************
included: /home/minh/Downloads/learnAnsible/HWansible/roles/db/tasks/setup_env.yml for localhost

TASK [db : Configuration: Environment with Auth] **********************************************************************************************************************************************
skipping: [localhost]

TASK [db : Configuration: Environment without Auth] *******************************************************************************************************************************************
ok: [localhost]

TASK [db : Configuration: Init database] ******************************************************************************************************************************************************
ok: [localhost]

TASK [db : Configuration: Render config directories] ******************************************************************************************************************************************
ok: [localhost]

TASK [db : Configuration: Render user config script] ******************************************************************************************************************************************
ok: [localhost]

TASK [db : include_tasks] *********************************************************************************************************************************************************************
included: /home/minh/Downloads/learnAnsible/HWansible/roles/db/tasks/service.yml for localhost

TASK [db : Create data container] *************************************************************************************************************************************************************
changed: [localhost]

TASK [db : Run mongodb container] *************************************************************************************************************************************************************
changed: [localhost]

TASK [db : Wait until mongodb starts up] ******************************************************************************************************************************************************
ok: [localhost]

PLAY RECAP ************************************************************************************************************************************************************************************
localhost                  : ok=14   changed=2    unreachable=0    failed=0    skipped=2    rescued=0    ignored=0   
