TASK [nginx : Restart a container] ************************************************************************************************************************************************************
fatal: [localhost]: FAILED! => {"changed": false, "msg": "Error connecting: Error while fetching server API version: HTTPConnection.request() got an unexpected keyword argument 'chunked'"}

PLAY RECAP ************************************************************************************************************************************************************************************
localhost                  : ok=6    changed=0    unreachable=0    failed=1    skipped=0    rescued=0    ignored=0   


(env) minh@minhle:~/Downloads/learnAnsible/HWansible$ pip install 'requests == 2.28.1'
Collecting requests==2.28.1
  Downloading requests-2.28.1-py3-none-any.whl (62 kB)
     ━━━━━━━━━━━━━━━━━━━━━━━━━━━━━━━━━━━━━━━━ 62.8/62.8 kB 239.3 kB/s eta 0:00:00
Collecting charset-normalizer<3,>=2 (from requests==2.28.1)
  Downloading charset_normalizer-2.1.1-py3-none-any.whl (39 kB)
Requirement already satisfied: idna<4,>=2.5 in ./env/lib/python3.10/site-packages (from requests==2.28.1) (3.4)
Collecting urllib3<1.27,>=1.21.1 (from requests==2.28.1)
  Downloading urllib3-1.26.15-py2.py3-none-any.whl (140 kB)
     ━━━━━━━━━━━━━━━━━━━━━━━━━━━━━━━━━━━━━━━━ 140.9/140.9 kB 366.9 kB/s eta 0:00:00
Requirement already satisfied: certifi>=2017.4.17 in ./env/lib/python3.10/site-packages (from requests==2.28.1) (2023.5.7)
Installing collected packages: urllib3, charset-normalizer, requests
  Attempting uninstall: urllib3
    Found existing installation: urllib3 2.0.2
    Uninstalling urllib3-2.0.2:
      Successfully uninstalled urllib3-2.0.2
ERROR: Could not install packages due to an OSError: [Errno 13] Permission denied: 'METADATA'
Check the permissions.

(env) minh@minhle:~/Downloads/learnAnsible/HWansible$ pip install requests
WARNING: Ignoring invalid distribution -rllib3 (/home/minh/Downloads/learnAnsible/HWansible/env/lib/python3.10/site-packages)
Requirement already satisfied: requests in ./env/lib/python3.10/site-packages (2.30.0)
Requirement already satisfied: charset-normalizer<4,>=2 in ./env/lib/python3.10/site-packages (from requests) (3.1.0)
Requirement already satisfied: idna<4,>=2.5 in ./env/lib/python3.10/site-packages (from requests) (3.4)
Requirement already satisfied: urllib3<3,>=1.21.1 in ./env/lib/python3.10/site-packages (from requests) (1.26.15)
Requirement already satisfied: certifi>=2017.4.17 in ./env/lib/python3.10/site-packages (from requests) (2023.5.7)
WARNING: Ignoring invalid distribution -rllib3 (/home/minh/Downloads/learnAnsible/HWansible/env/lib/python3.10/site-packages)
